 INFO [main] com.abc.or.Test 2013/03/31 23:14:00  id=002  name=Õÿ∞œ	java=80
 INFO [main] com.abc.or.Test 2013/03/31 23:14:00  id=002  name=Õÿ∞œ	java=82
 INFO [main] com.abc.or.Test 2013/03/31 23:14:01  id=009  name=’≈»Ù¿º	java=80
 INFO [main] com.abc.or.Test 2013/03/31 23:14:01  id=111  name=demo	java=66
 INFO [main] com.abc.or.Test 2013/03/31 23:14:01  id=008  name=÷‹–«–«	java=100
 INFO [main] com.abc.or.Test 2013/03/31 23:14:01  id=001  name=’≈»˝	java=98
 INFO [main] com.abc.or.Test 2013/03/31 23:14:01  id=002  name=¿Óƒ»	java=99
 INFO [main] com.abc.or.Test 2013/03/31 23:14:01  id=007  name=∞Óµ¬	java=100
 INFO [main] com.abc.or.Test 2013/03/31 23:14:01  id=008  name=÷‹–«–«	java=95
 INFO [main] com.abc.or.Test 2013/03/31 23:14:01  id=009  name=’≈»Ù¿º	java=85
 INFO [main] com.abc.or.Test 2013/03/31 23:14:01  id=111  name=demo	java=71
 INFO [main] com.abc.or.Test 2013/04/01 18:32:49  id=002  name=Õÿ∞œ	java=80
 INFO [main] com.abc.or.Test 2013/04/01 18:32:49  id=002  name=Õÿ∞œ	java=83
 INFO [main] com.abc.or.Test 2013/04/01 18:32:51  id=009  name=’≈»Ù¿º	java=80
 INFO [main] com.abc.or.Test 2013/04/01 18:32:51  id=111  name=demo	java=66
 INFO [main] com.abc.or.Test 2013/04/01 18:32:51  id=008  name=÷‹–«–«	java=100
 INFO [main] com.abc.or.Test 2013/04/01 18:32:51  id=001  name=’≈»˝	java=98
 INFO [main] com.abc.or.Test 2013/04/01 18:32:51  id=002  name=¿Óƒ»	java=99
 INFO [main] com.abc.or.Test 2013/04/01 18:32:51  id=007  name=∞Óµ¬	java=100
 INFO [main] com.abc.or.Test 2013/04/01 18:32:51  id=008  name=÷‹–«–«	java=95
 INFO [main] com.abc.or.Test 2013/04/01 18:32:51  id=009  name=’≈»Ù¿º	java=85
 INFO [main] com.abc.or.Test 2013/04/01 18:32:51  id=111  name=demo	java=71
 INFO [main] com.abc.or.Test 2013/04/01 18:41:40  id=002  name=Õÿ∞œ	java=80
 INFO [main] com.abc.or.Test 2013/04/01 18:41:40  id=002  name=Õÿ∞œ	java=88
 INFO [main] com.abc.or.Test 2013/04/01 18:43:28  id=002  name=Õÿ∞œ	java=80
 INFO [main] com.abc.or.Test 2013/04/01 18:43:28  id=002  name=Õÿ∞œ	java=87
 INFO [main] com.abc.or.Test 2013/04/01 18:45:36  id=002  name=Õÿ∞œ	java=80
 INFO [main] com.abc.or.Test 2013/04/01 18:45:36  id=002  name=Õÿ∞œ	java=89
 INFO [main] com.abc.or.Test 2013/04/01 18:46:15  id=002  name=Õÿ∞œ	java=80
 INFO [main] com.abc.or.Test 2013/04/01 18:46:15  id=002  name=Õÿ∞œ	java=81
 INFO [main] com.abc.or.Test 2013/04/01 18:46:16  id=009  name=’≈»Ù¿º	java=80
 INFO [main] com.abc.or.Test 2013/04/01 18:46:16  id=111  name=demo	java=66
 INFO [main] com.abc.or.Test 2013/04/01 18:46:16  id=008  name=÷‹–«–«	java=100
 INFO [main] com.abc.or.Test 2013/04/01 18:46:16  id=001  name=’≈»˝	java=98
 INFO [main] com.abc.or.Test 2013/04/01 18:46:16  id=002  name=¿Óƒ»	java=99
 INFO [main] com.abc.or.Test 2013/04/01 18:46:16  id=007  name=∞Óµ¬	java=100
 INFO [main] com.abc.or.Test 2013/04/01 18:46:16  id=008  name=÷‹–«–«	java=95
 INFO [main] com.abc.or.Test 2013/04/01 18:46:16  id=009  name=’≈»Ù¿º	java=85
 INFO [main] com.abc.or.Test 2013/04/01 18:46:16  id=111  name=demo	java=71
 INFO [main] com.abc.or.Test 2013/04/01 18:46:42  id=002  name=Õÿ∞œ	java=80
 INFO [main] com.abc.or.Test 2013/04/01 18:46:42  id=002  name=Õÿ∞œ	java=88
 INFO [main] com.abc.or.Test 2013/04/01 18:46:43  id=009  name=’≈»Ù¿º	java=80
 INFO [main] com.abc.or.Test 2013/04/01 18:46:43  id=111  name=demo	java=66
 INFO [main] com.abc.or.Test 2013/04/01 18:46:44  id=008  name=÷‹–«–«	java=100
 INFO [main] com.abc.or.Test 2013/04/01 18:46:44  id=001  name=’≈»˝	java=98
 INFO [main] com.abc.or.Test 2013/04/01 18:46:44  id=002  name=¿Óƒ»	java=99
 INFO [main] com.abc.or.Test 2013/04/01 18:46:44  id=007  name=∞Óµ¬	java=100
 INFO [main] com.abc.or.Test 2013/04/01 18:46:44  id=008  name=÷‹–«–«	java=95
 INFO [main] com.abc.or.Test 2013/04/01 18:46:44  id=009  name=’≈»Ù¿º	java=85
 INFO [main] com.abc.or.Test 2013/04/01 18:46:44  id=111  name=demo	java=71
 INFO [main] com.abc.or.Test 2013/04/01 18:52:00  id=002  name=Õÿ∞œ	java=80
 INFO [main] com.abc.or.Test 2013/04/01 18:52:00  id=002  name=Õÿ∞œ	java=86
 INFO [main] com.abc.or.Test 2013/04/01 18:52:01  id=009  name=’≈»Ù¿º	java=80
 INFO [main] com.abc.or.Test 2013/04/01 18:52:01  id=111  name=demo	java=66
 INFO [main] com.abc.or.Test 2013/04/01 18:52:01  id=008  name=÷‹–«–«	java=100
 INFO [main] com.abc.or.Test 2013/04/01 18:52:01  id=001  name=’≈»˝	java=98
 INFO [main] com.abc.or.Test 2013/04/01 18:52:01  id=002  name=¿Óƒ»	java=99
 INFO [main] com.abc.or.Test 2013/04/01 18:52:01  id=007  name=∞Óµ¬	java=100
 INFO [main] com.abc.or.Test 2013/04/01 18:52:01  id=008  name=÷‹–«–«	java=95
 INFO [main] com.abc.or.Test 2013/04/01 18:52:01  id=009  name=’≈»Ù¿º	java=85
 INFO [main] com.abc.or.Test 2013/04/01 18:52:01  id=111  name=demo	java=71
 INFO [main] com.abc.or.Test 2013/04/01 18:52:30  id=002  name=Õÿ∞œ	java=80
 INFO [main] com.abc.or.Test 2013/04/01 18:52:30  id=002  name=Õÿ∞œ	java=83
ERROR [main] com.abc.or.HibernateSessionFactory 2013/04/01 18:52:30  Error Creating SessionFactory.
ERROR [main] com.abc.or.HibernateSessionFactory 2013/04/01 18:52:30  /hibernate.cfg.xml not found
 INFO [main] com.abc.or.Test 2013/04/01 18:52:31  id=008  name=÷‹–«–«	java=95
 INFO [main] com.abc.or.Test 2013/04/01 18:52:31  id=001  name=’≈»˝	java=98
 INFO [main] com.abc.or.Test 2013/04/01 18:52:31  id=002  name=¿Óƒ»	java=99
 INFO [main] com.abc.or.Test 2013/04/01 18:52:31  id=007  name=∞Óµ¬	java=100
 INFO [main] com.abc.or.Test 2013/04/01 18:52:31  id=008  name=÷‹–«–«	java=95
 INFO [main] com.abc.or.Test 2013/04/01 18:52:31  id=009  name=’≈»Ù¿º	java=85
 INFO [main] com.abc.or.Test 2013/04/01 18:52:31  id=111  name=demo	java=66
 INFO [main] com.abc.or.Test 2013/04/01 18:52:52  id=002  name=Õÿ∞œ	java=80
 INFO [main] com.abc.or.Test 2013/04/01 18:52:52  id=002  name=Õÿ∞œ	java=88
 INFO [main] com.abc.or.Test 2013/04/01 18:52:53  id=009  name=’≈»Ù¿º	java=80
 INFO [main] com.abc.or.Test 2013/04/01 18:52:53  id=111  name=demo	java=66
 INFO [main] com.abc.or.Test 2013/04/01 18:52:53  id=008  name=÷‹–«–«	java=100
 INFO [main] com.abc.or.Test 2013/04/01 18:52:53  id=001  name=’≈»˝	java=98
 INFO [main] com.abc.or.Test 2013/04/01 18:52:53  id=002  name=¿Óƒ»	java=99
 INFO [main] com.abc.or.Test 2013/04/01 18:52:53  id=007  name=∞Óµ¬	java=100
 INFO [main] com.abc.or.Test 2013/04/01 18:52:53  id=008  name=÷‹–«–«	java=95
 INFO [main] com.abc.or.Test 2013/04/01 18:52:53  id=009  name=’≈»Ù¿º	java=85
 INFO [main] com.abc.or.Test 2013/04/01 18:52:53  id=111  name=demo	java=71
 INFO [main] com.abc.or.Test 2013/04/01 18:53:36  id=002  name=Õÿ∞œ	java=80
 INFO [main] com.abc.or.Test 2013/04/01 18:53:36  id=002  name=Õÿ∞œ	java=85
 INFO [main] com.abc.or.Test 2013/04/01 18:53:38  id=009  name=’≈»Ù¿º	java=80
 INFO [main] com.abc.or.Test 2013/04/01 18:53:38  id=111  name=demo	java=66
 INFO [main] com.abc.or.Test 2013/04/01 18:53:52  id=002  name=Õÿ∞œ	java=80
 INFO [main] com.abc.or.Test 2013/04/01 18:53:52  id=002  name=Õÿ∞œ	java=87
 INFO [main] com.abc.or.Test 2013/04/01 18:53:53  id=009  name=’≈»Ù¿º	java=80
 INFO [main] com.abc.or.Test 2013/04/01 18:53:53  id=111  name=demo	java=66
 INFO [main] com.abc.or.Test 2013/04/01 18:53:53  id=008  name=÷‹–«–«	java=100
 INFO [main] com.abc.or.Test 2013/04/01 18:53:53  id=001  name=’≈»˝	java=98
 INFO [main] com.abc.or.Test 2013/04/01 18:53:53  id=002  name=¿Óƒ»	java=99
 INFO [main] com.abc.or.Test 2013/04/01 18:53:53  id=007  name=∞Óµ¬	java=100
 INFO [main] com.abc.or.Test 2013/04/01 18:53:53  id=008  name=÷‹–«–«	java=95
 INFO [main] com.abc.or.Test 2013/04/01 18:53:53  id=009  name=’≈»Ù¿º	java=85
 INFO [main] com.abc.or.Test 2013/04/01 18:53:53  id=111  name=demo	java=71
 INFO [main] com.abc.or.Test 2013/04/01 18:54:08  id=002  name=Õÿ∞œ	java=80
 INFO [main] com.abc.or.Test 2013/04/01 18:54:08  id=002  name=Õÿ∞œ	java=83
 INFO [main] com.abc.or.Test 2013/04/01 18:54:09  id=009  name=’≈»Ù¿º	java=80
 INFO [main] com.abc.or.Test 2013/04/01 18:54:09  id=111  name=demo	java=66
 INFO [main] com.abc.or.Test 2013/04/01 18:54:09  id=008  name=÷‹–«–«	java=100
 INFO [main] com.abc.or.Test 2013/04/01 18:54:09  id=001  name=’≈»˝	java=98
 INFO [main] com.abc.or.Test 2013/04/01 18:54:09  id=002  name=¿Óƒ»	java=99
 INFO [main] com.abc.or.Test 2013/04/01 18:54:09  id=007  name=∞Óµ¬	java=100
 INFO [main] com.abc.or.Test 2013/04/01 18:54:09  id=008  name=÷‹–«–«	java=95
 INFO [main] com.abc.or.Test 2013/04/01 18:54:09  id=009  name=’≈»Ù¿º	java=85
 INFO [main] com.abc.or.Test 2013/04/01 18:54:09  id=111  name=demo	java=71
 INFO [main] com.abc.or.Test 2013/04/01 18:54:25  id=002  name=Õÿ∞œ	java=80
 INFO [main] com.abc.or.Test 2013/04/01 18:54:25  id=002  name=Õÿ∞œ	java=88
 INFO [main] com.abc.or.Test 2013/04/01 18:54:26  id=009  name=’≈»Ù¿º	java=80
 INFO [main] com.abc.or.Test 2013/04/01 18:54:26  id=111  name=demo	java=66
 INFO [main] com.abc.or.Test 2013/04/01 18:54:35  id=002  name=Õÿ∞œ	java=80
 INFO [main] com.abc.or.Test 2013/04/01 18:54:35  id=002  name=Õÿ∞œ	java=83
 INFO [main] com.abc.or.Test 2013/04/01 18:54:36  id=009  name=’≈»Ù¿º	java=80
 INFO [main] com.abc.or.Test 2013/04/01 18:54:36  id=111  name=demo	java=66
 INFO [main] com.abc.or.Test 2013/04/01 18:54:37  id=008  name=÷‹–«–«	java=100
 INFO [main] com.abc.or.Test 2013/04/01 18:54:37  id=001  name=’≈»˝	java=98
 INFO [main] com.abc.or.Test 2013/04/01 18:54:37  id=002  name=¿Óƒ»	java=99
 INFO [main] com.abc.or.Test 2013/04/01 18:54:37  id=007  name=∞Óµ¬	java=100
 INFO [main] com.abc.or.Test 2013/04/01 18:54:37  id=008  name=÷‹–«–«	java=95
 INFO [main] com.abc.or.Test 2013/04/01 18:54:37  id=009  name=’≈»Ù¿º	java=85
 INFO [main] com.abc.or.Test 2013/04/01 18:54:37  id=111  name=demo	java=71
 INFO [main] com.abc.or.Test 2013/04/01 18:54:51  id=002  name=Õÿ∞œ	java=80
 INFO [main] com.abc.or.Test 2013/04/01 18:54:51  id=002  name=Õÿ∞œ	java=86
 INFO [main] com.abc.or.Test 2013/04/01 18:54:52  id=009  name=’≈»Ù¿º	java=80
 INFO [main] com.abc.or.Test 2013/04/01 18:54:52  id=111  name=demo	java=66
 INFO [main] com.abc.or.Test 2013/04/01 18:54:53  id=008  name=÷‹–«–«	java=100
 INFO [main] com.abc.or.Test 2013/04/01 18:54:53  id=001  name=’≈»˝	java=98
 INFO [main] com.abc.or.Test 2013/04/01 18:54:53  id=002  name=¿Óƒ»	java=99
 INFO [main] com.abc.or.Test 2013/04/01 18:54:53  id=007  name=∞Óµ¬	java=100
 INFO [main] com.abc.or.Test 2013/04/01 18:54:53  id=008  name=÷‹–«–«	java=95
 INFO [main] com.abc.or.Test 2013/04/01 18:54:53  id=009  name=’≈»Ù¿º	java=85
 INFO [main] com.abc.or.Test 2013/04/01 18:54:53  id=111  name=demo	java=71
